[nid002626:145414:0:145414]       ud_ep.c:255  Fatal: UD endpoint 0x55d66a1987f0 to <no debug data>: unhandled timeout error
==== backtrace (tid: 145414) ====
 0  /opt/cray/pe/cray-ucx/2.7.0-1/ucx/lib/libucs.so.0(ucs_handle_error+0xe4) [0x15163af70454]
 1  /opt/cray/pe/cray-ucx/2.7.0-1/ucx/lib/libucs.so.0(ucs_fatal_error_message+0x60) [0x15163af6d400]
 2  /opt/cray/pe/cray-ucx/2.7.0-1/ucx/lib/libucs.so.0(+0x23529) [0x15163af6d529]
 3  /opt/cray/pe/cray-ucx/2.7.0-1/ucx/lib/ucx/libuct_ib.so.0(+0x4a133) [0x15163863c133]
 4  /opt/cray/pe/cray-ucx/2.7.0-1/ucx/lib/libucs.so.0(+0x1c8aa) [0x15163af668aa]
 5  /opt/cray/pe/cray-ucx/2.7.0-1/ucx/lib/libucp.so.0(ucp_worker_progress+0x22) [0x15163ab01962]
 6  /opt/cray/pe/mpich/8.1.27/ucx/aocc/3.0/lib/libmpi_aocc.so.12(+0x3b0295) [0x15163c794295]
 7  /opt/cray/pe/mpich/8.1.27/ucx/aocc/3.0/lib/libmpi_aocc.so.12(+0x3ce870) [0x15163c7b2870]
 8  /opt/cray/pe/mpich/8.1.27/ucx/aocc/3.0/lib/libmpi_aocc.so.12(+0x66a796) [0x15163ca4e796]
 9  /opt/cray/pe/mpich/8.1.27/ucx/aocc/3.0/lib/libmpi_aocc.so.12(+0x703d35) [0x15163cae7d35]
10  /opt/cray/pe/mpich/8.1.27/ucx/aocc/3.0/lib/libmpi_aocc.so.12(MPI_Alltoallv+0xc3a) [0x15163c54ae9a]
11  /work/e738/e738/skailasa/fmm_m2l_fft_mpi_f32(+0xb50f5) [0x55d669dd60f5]
12  /work/e738/e738/skailasa/fmm_m2l_fft_mpi_f32(+0xf4a81) [0x55d669e15a81]
13  /work/e738/e738/skailasa/fmm_m2l_fft_mpi_f32(+0xf8bdc) [0x55d669e19bdc]
14  /work/e738/e738/skailasa/fmm_m2l_fft_mpi_f32(+0x126258) [0x55d669e47258]
15  /work/e738/e738/skailasa/fmm_m2l_fft_mpi_f32(+0xb56c3) [0x55d669dd66c3]
16  /work/e738/e738/skailasa/fmm_m2l_fft_mpi_f32(+0x137e63) [0x55d669e58e63]
17  /lib64/libc.so.6(__libc_start_main+0xef) [0x15163b69329d]
18  /work/e738/e738/skailasa/fmm_m2l_fft_mpi_f32(+0xa646a) [0x55d669dc746a]
=================================
[nid004485:154374:0:154374]       ud_ep.c:255  Fatal: UD endpoint 0x55577fff11a0 to <no debug data>: unhandled timeout error
==== backtrace (tid: 154374) ====
 0  /opt/cray/pe/cray-ucx/2.7.0-1/ucx/lib/libucs.so.0(ucs_handle_error+0xe4) [0x149322c75454]
 1  /opt/cray/pe/cray-ucx/2.7.0-1/ucx/lib/libucs.so.0(ucs_fatal_error_message+0x60) [0x149322c72400]
 2  /opt/cray/pe/cray-ucx/2.7.0-1/ucx/lib/libucs.so.0(+0x23529) [0x149322c72529]
 3  /opt/cray/pe/cray-ucx/2.7.0-1/ucx/lib/ucx/libuct_ib.so.0(+0x4a133) [0x149320341133]
 4  /opt/cray/pe/cray-ucx/2.7.0-1/ucx/lib/libucs.so.0(+0x1c8aa) [0x149322c6b8aa]
 5  /opt/cray/pe/cray-ucx/2.7.0-1/ucx/lib/libucp.so.0(ucp_worker_progress+0x22) [0x149322806962]
 6  /opt/cray/pe/mpich/8.1.27/ucx/aocc/3.0/lib/libmpi_aocc.so.12(+0x3b0295) [0x149324499295]
 7  /opt/cray/pe/mpich/8.1.27/ucx/aocc/3.0/lib/libmpi_aocc.so.12(+0x3ce870) [0x1493244b7870]
 8  /opt/cray/pe/mpich/8.1.27/ucx/aocc/3.0/lib/libmpi_aocc.so.12(+0x66a796) [0x149324753796]
 9  /opt/cray/pe/mpich/8.1.27/ucx/aocc/3.0/lib/libmpi_aocc.so.12(+0x703d35) [0x1493247ecd35]
10  /opt/cray/pe/mpich/8.1.27/ucx/aocc/3.0/lib/libmpi_aocc.so.12(MPI_Alltoallv+0xc3a) [0x14932424fe9a]
11  /work/e738/e738/skailasa/fmm_m2l_fft_mpi_f32(+0xb50f5) [0x55577fc420f5]
12  /work/e738/e738/skailasa/fmm_m2l_fft_mpi_f32(+0xf4a81) [0x55577fc81a81]
13  /work/e738/e738/skailasa/fmm_m2l_fft_mpi_f32(+0xf8bdc) [0x55577fc85bdc]
14  /work/e738/e738/skailasa/fmm_m2l_fft_mpi_f32(+0x126258) [0x55577fcb3258]
15  /work/e738/e738/skailasa/fmm_m2l_fft_mpi_f32(+0xb56c3) [0x55577fc426c3]
16  /work/e738/e738/skailasa/fmm_m2l_fft_mpi_f32(+0x137e63) [0x55577fcc4e63]
17  /lib64/libc.so.6(__libc_start_main+0xef) [0x14932339829d]
18  /work/e738/e738/skailasa/fmm_m2l_fft_mpi_f32(+0xa646a) [0x55577fc3346a]
=================================
srun: error: nid004485: task 694: Aborted
srun: launch/slurm: _step_signal: Terminating StepId=11079233.3
slurmstepd: error: *** STEP 11079233.3 ON nid001386 CANCELLED AT 2025-10-06T18:16:17 ***
srun: error: nid002624: tasks 534-535: Terminated
srun: error: nid001768: tasks 158-159: Terminated
srun: error: nid004763: tasks 734-735: Terminated
srun: error: nid006213: tasks 934-935: Terminated
srun: error: nid001998: tasks 358-359: Terminated
srun: error: nid002246: tasks 400-401: Terminated
srun: error: nid002651: tasks 558-559: Terminated
srun: error: nid001474: tasks 24-25: Terminated
srun: error: nid003258: tasks 600-601: Terminated
srun: error: nid004779: tasks 758-759: Terminated
srun: error: nid001892: tasks 224-225: Terminated
srun: error: nid004828: tasks 800-801: Terminated
srun: error: nid006269: tasks 958-959: Terminated
srun: error: nid002264: tasks 424-425: Terminated
srun: error: nid006312: tasks 1000-1001: Terminated
srun: error: nid003478: tasks 624-625: Terminated
srun: error: nid005132: tasks 824-825: Terminated
srun: error: nid001674: tasks 90-91: Terminated
srun: error: nid001907: tasks 248-249: Terminated
srun: error: nid001930: tasks 290-291: Terminated
srun: error: nid002337: tasks 448-449: Terminated
srun: error: nid002404: tasks 490-491: Terminated
srun: error: nid003500: tasks 648-649: Terminated
srun: error: nid001725: tasks 114-115: Terminated
srun: error: nid004483: tasks 690-691: Terminated
srun: error: nid001943: tasks 314-315: Terminated
srun: error: nid005525: tasks 890-891: Terminated
srun: error: nid001647: tasks 48-49: Terminated
srun: error: nid002611: tasks 514-515: Terminated
srun: error: nid004749: tasks 714-715: Terminated
srun: error: nid001755: tasks 138-139: Terminated
srun: error: nid001837: tasks 180-181: Terminated
srun: error: nid004778: tasks 756-757: Terminated
srun: error: nid006156: tasks 914-915: Terminated
srun: error: nid006266: tasks 956-957: Terminated
srun: error: nid002202: tasks 380-381: Terminated
srun: error: nid001391: tasks 4-5: Terminated
srun: error: nid003246: tasks 580-581: Terminated
srun: error: nid001865: tasks 204-205: Terminated
srun: error: nid004796: tasks 780-781: Terminated
srun: error: nid006286: tasks 980-981: Terminated
srun: error: nid002249: tasks 404-405: Terminated
srun: error: nid002331: tasks 446-447: Terminated
srun: error: nid003260: tasks 604-605: Terminated
srun: error: nid001663: tasks 70-71: Terminated
srun: error: nid003499: tasks 646-647: Terminated
srun: error: nid004830: tasks 804-805: Terminated
srun: error: nid001920: tasks 270-271: Terminated
srun: error: nid005187: tasks 846-847: Terminated
srun: error: nid006333: tasks 1004-1005: Terminated
srun: error: nid002359: tasks 470-471: Terminated
srun: error: nid003552: tasks 670-671: Terminated
srun: error: nid001676: tasks 94-95: Terminated
srun: error: nid001754: tasks 136-137: Terminated
srun: error: nid001932: tasks 294-295: Terminated
srun: error: nid005487: tasks 870-871: Terminated
srun: error: nid001954: tasks 336-337: Terminated
srun: error: nid002537: tasks 494-495: Terminated
srun: error: nid002625: tasks 536-537: Terminated
srun: error: nid004764: tasks 736-737: Terminated
srun: error: nid001773: tasks 160-161: Terminated
srun: error: nid006230: tasks 936-937: Terminated
srun: error: nid001999: tasks 360-361: Terminated
srun: error: nid002652: tasks 560-561: Terminated
srun: error: nid001480: tasks 26-27: Terminated
srun: error: nid004780: tasks 760-761: Terminated
srun: error: nid001845: tasks 184-185: Terminated
srun: error: nid001893: tasks 226-227: Terminated
srun: error: nid004829: tasks 802-803: Terminated
srun: error: nid006271: tasks 960-961: Terminated
srun: error: nid002265: tasks 426-427: Terminated
srun: error: nid006332: tasks 1002-1003: Terminated
srun: error: nid003479: tasks 626-627: Terminated
srun: error: nid001650: tasks 50-51: Terminated
srun: error: nid001909: tasks 250-251: Terminated
srun: error: nid005133: tasks 826-827: Terminated
srun: error: nid002340: tasks 450-451: Terminated
srun: error: nid002406: tasks 492-493: Terminated
srun: error: nid003501: tasks 650-651: Terminated
srun: error: nid004484: tasks 692-693: Terminated
srun: error: nid001728: tasks 116-117: Terminated
srun: error: nid005189: tasks 850-851: Terminated
srun: error: nid005602: tasks 892-893: Terminated
srun: error: nid001944: tasks 316-317: Terminated
srun: error: nid002614: tasks 516-517: Terminated
srun: error: nid001756: tasks 140-141: Terminated
srun: error: nid004750: tasks 716-717: Terminated
srun: error: nid001842: tasks 182-183: Terminated
srun: error: nid006157: tasks 916-917: Terminated
srun: error: nid001956: tasks 340-341: Terminated
srun: error: nid002203: tasks 382-383: Terminated
srun: error: nid002627: tasks 540-541: Terminated
srun: error: nid003247: tasks 582-583: Terminated
srun: error: nid001392: tasks 6-7: Terminated
srun: error: nid001866: tasks 206-207: Terminated
srun: error: nid004799: tasks 782-783: Terminated
srun: error: nid002250: tasks 406-407: Terminated
srun: error: nid006287: tasks 982-983: Terminated
srun: error: nid001488: tasks 30-31: Terminated
srun: error: nid003261: tasks 606-607: Terminated
srun: error: nid001664: tasks 72-73: Terminated
srun: error: nid001896: tasks 230-231: Terminated
srun: error: nid005188: tasks 848-849: Terminated
srun: error: nid004831: tasks 806-807: Terminated
srun: error: nid001921: tasks 272-273: Terminated
srun: error: nid006335: tasks 1006-1007: Terminated
srun: error: nid002366: tasks 472-473: Terminated
srun: error: nid003553: tasks 672-673: Terminated
srun: error: nid001677: tasks 96-97: Terminated
srun: error: nid005488: tasks 872-873: Terminated
srun: error: nid001933: tasks 296-297: Terminated
srun: error: nid001955: tasks 338-339: Terminated
srun: error: nid002626: task 539: Terminated
srun: error: nid002542: tasks 496-497: Terminated
srun: error: nid004486: tasks 696-697: Terminated
srun: error: nid001775: tasks 162-163: Terminated
srun: error: nid004766: tasks 738-739: Terminated
srun: error: nid005604: tasks 896-897: Terminated
srun: error: nid006246: tasks 938-939: Terminated
srun: error: nid002000: tasks 362-363: Terminated
srun: error: nid002656: tasks 562-563: Terminated
srun: error: nid001486: tasks 28-29: Terminated
srun: error: nid001846: tasks 186-187: Terminated
srun: error: nid004782: tasks 762-763: Terminated
srun: error: nid001895: tasks 228-229: Terminated
srun: error: nid006273: tasks 962-963: Terminated
srun: error: nid002216: tasks 386-387: Terminated
srun: error: nid002266: tasks 428-429: Terminated
srun: error: nid004485: task 695: Terminated
srun: error: nid003249: tasks 586-587: Terminated
srun: error: nid003481: tasks 628-629: Terminated
srun: error: nid001652: tasks 52-53: Terminated
srun: error: nid005135: tasks 828-829: Terminated
srun: error: nid001910: tasks 252-253: Terminated
srun: error: nid002341: tasks 452-453: Terminated
srun: error: nid003518: tasks 652-653: Terminated
srun: error: nid001666: tasks 76-77: Terminated
srun: error: nid001732: tasks 118-119: Terminated
srun: error: nid001945: tasks 318-319: Terminated
srun: error: nid005603: tasks 894-895: Terminated
srun: error: nid002615: tasks 518-519: Terminated
srun: error: nid001758: tasks 142-143: Terminated
srun: error: nid004751: tasks 718-719: Terminated
srun: error: nid001957: tasks 342-343: Terminated
srun: error: nid006176: tasks 918-919: Terminated
srun: error: nid002209: tasks 384-385: Terminated
srun: error: nid002628: tasks 542-543: Terminated
srun: error: nid005214: tasks 852-853: Terminated
srun: error: nid003248: tasks 584-585: Terminated
srun: error: nid001394: tasks 8-9: Terminated
srun: error: nid004768: tasks 742-743: Terminated
srun: error: nid001867: tasks 208-209: Terminated
srun: error: nid004801: tasks 784-785: Terminated
srun: error: nid006249: tasks 942-943: Terminated
srun: error: nid002252: tasks 408-409: Terminated
srun: error: nid006288: tasks 984-985: Terminated
srun: error: nid001489: tasks 32-33: Terminated
srun: error: nid003263: tasks 608-609: Terminated
srun: error: nid001665: tasks 74-75: Terminated
srun: error: nid004833: tasks 808-809: Terminated
srun: error: nid001899: tasks 232-233: Terminated
srun: error: nid001922: tasks 274-275: Terminated
srun: error: nid002276: tasks 432-433: Terminated
srun: error: nid006336: tasks 1008-1009: Terminated
srun: error: nid002367: tasks 474-475: Terminated
srun: error: nid003555: tasks 674-675: Terminated
srun: error: nid001680: tasks 98-99: Terminated
srun: error: nid005491: tasks 874-875: Terminated
srun: error: nid001934: tasks 298-299: Terminated
srun: error: nid002580: tasks 498-499: Terminated
srun: error: nid004723: tasks 698-699: Terminated
srun: error: nid001736: tasks 122-123: Terminated
srun: error: nid001812: tasks 164-165: Terminated
srun: error: nid004767: tasks 740-741: Terminated
srun: error: nid005605: tasks 898-899: Terminated
srun: error: nid006248: tasks 940-941: Terminated
srun: error: nid002002: tasks 364-365: Terminated
srun: error: nid001851: tasks 188-189: Terminated
srun: error: nid004783: tasks 764-765: Terminated
srun: error: nid006274: tasks 964-965: Terminated
srun: error: nid002217: tasks 388-389: Terminated
srun: error: nid002270: tasks 430-431: Terminated
srun: error: nid003250: tasks 588-589: Terminated
srun: error: nid003485: tasks 630-631: Terminated
srun: error: nid004809: tasks 788-789: Terminated
srun: error: nid005137: tasks 830-831: Terminated
srun: error: nid001911: tasks 254-255: Terminated
srun: error: nid003198: tasks 564-565: Terminated
srun: error: nid002344: tasks 454-455: Terminated
srun: error: nid003526: tasks 654-655: Terminated
srun: error: nid001667: tasks 78-79: Terminated
srun: error: nid001733: tasks 120-121: Terminated
srun: error: nid005215: tasks 854-855: Terminated
srun: error: nid001924: tasks 278-279: Terminated
srun: error: nid001946: tasks 320-321: Terminated
srun: error: nid001653: tasks 54-55: Terminated
srun: error: nid002384: tasks 478-479: Terminated
srun: error: nid002616: tasks 520-521: Terminated
srun: error: nid004752: tasks 720-721: Terminated
srun: error: nid001759: tasks 144-145: Terminated
srun: error: nid006177: tasks 920-921: Terminated
srun: error: nid001960: tasks 344-345: Terminated
srun: error: nid002629: tasks 544-545: Terminated
srun: error: nid001396: tasks 10-11: Terminated
srun: error: nid001820: tasks 168-169: Terminated
srun: error: nid004769: tasks 744-745: Terminated
srun: error: nid001868: tasks 210-211: Terminated
srun: error: nid004807: tasks 786-787: Terminated
srun: error: nid006254: tasks 944-945: Terminated
srun: error: nid006289: tasks 986-987: Terminated
srun: error: nid002254: tasks 410-411: Terminated
srun: error: nid001493: tasks 34-35: Terminated
srun: error: nid003264: tasks 610-611: Terminated
srun: error: nid001900: tasks 234-235: Terminated
srun: error: nid004835: tasks 810-811: Terminated
srun: error: nid001923: tasks 276-277: Terminated
srun: error: nid002308: tasks 434-435: Terminated
srun: error: nid006338: tasks 1010-1011: Terminated
srun: error: nid002383: tasks 476-477: Terminated
srun: error: nid003489: tasks 634-635: Terminated
srun: error: nid003556: tasks 676-677: Terminated
srun: error: nid001681: tasks 100-101: Terminated
srun: error: nid005139: tasks 834-835: Terminated
srun: error: nid005493: tasks 876-877: Terminated
srun: error: nid001935: tasks 300-301: Terminated
srun: error: nid002582: tasks 500-501: Terminated
srun: error: nid001737: tasks 124-125: Terminated
srun: error: nid004727: tasks 700-701: Terminated
srun: error: nid002626: task 538: Aborted (core dumped)
srun: error: nid001819: tasks 166-167: Terminated
srun: error: nid001948: tasks 324-325: Terminated
srun: error: nid006120: tasks 900-901: Terminated
srun: error: nid002004: tasks 366-367: Terminated
srun: error: nid002618: tasks 524-525: Terminated
srun: error: nid003200: tasks 566-567: Terminated
srun: error: nid004785: tasks 766-767: Terminated
srun: error: nid001852: tasks 190-191: Terminated
srun: error: nid006275: tasks 966-967: Terminated
srun: error: nid002218: tasks 390-391: Terminated
srun: error: nid003252: tasks 590-591: Terminated
srun: error: nid001409: tasks 14-15: Terminated
srun: error: nid003486: tasks 632-633: Terminated
srun: error: nid001654: tasks 56-57: Terminated
srun: error: nid001912: tasks 256-257: Terminated
srun: error: nid004815: tasks 790-791: Terminated
srun: error: nid005138: tasks 832-833: Terminated
srun: error: nid006292: tasks 990-991: Terminated
srun: error: nid002347: tasks 456-457: Terminated
srun: error: nid003539: tasks 656-657: Terminated
srun: error: nid001669: tasks 80-81: Terminated
srun: error: nid005216: tasks 856-857: Terminated
srun: error: nid001925: tasks 280-281: Terminated
srun: error: nid001947: tasks 322-323: Terminated
srun: error: nid002385: tasks 480-481: Terminated
srun: error: nid002617: tasks 522-523: Terminated
srun: error: nid004478: tasks 680-681: Terminated
srun: error: nid004753: tasks 722-723: Terminated
srun: error: nid001760: tasks 146-147: Terminated
srun: error: nid005495: tasks 880-881: Terminated
srun: error: nid006178: tasks 922-923: Terminated
srun: error: nid001961: tasks 346-347: Terminated
srun: error: nid002630: tasks 546-547: Terminated
srun: error: nid001408: tasks 12-13: Terminated
srun: error: nid001821: tasks 170-171: Terminated
srun: error: nid001869: tasks 212-213: Terminated
srun: error: nid006255: tasks 946-947: Terminated
srun: error: nid002007: tasks 370-371: Terminated
srun: error: nid002255: tasks 412-413: Terminated
srun: error: nid006290: tasks 988-989: Terminated
srun: error: nid001494: tasks 36-37: Terminated
srun: error: nid003265: tasks 612-613: Terminated
srun: error: nid004837: tasks 812-813: Terminated
srun: error: nid001901: tasks 236-237: Terminated
srun: error: nid006339: tasks 1012-1013: Terminated
srun: error: nid002309: tasks 436-437: Terminated
srun: error: nid004771: tasks 746-747: Terminated
srun: error: nid003493: tasks 636-637: Terminated
srun: error: nid001657: tasks 60-61: Terminated
srun: error: nid001688: tasks 102-103: Terminated
srun: error: nid003558: tasks 678-679: Terminated
srun: error: nid005140: tasks 836-837: Terminated
srun: error: nid005494: tasks 878-879: Terminated
srun: error: nid001936: tasks 302-303: Terminated
srun: error: nid002583: tasks 502-503: Terminated
srun: error: nid001738: tasks 126-127: Terminated
srun: error: nid004729: tasks 702-703: Terminated
srun: error: nid001949: tasks 326-327: Terminated
srun: error: nid006122: tasks 902-903: Terminated
srun: error: nid002005: tasks 368-369: Terminated
srun: error: nid002620: tasks 526-527: Terminated
srun: error: nid003231: tasks 568-569: Terminated
srun: error: nid004756: tasks 726-727: Terminated
srun: error: nid004786: tasks 768-769: Terminated
srun: error: nid001854: tasks 192-193: Terminated
srun: error: nid006276: tasks 968-969: Terminated
srun: error: nid002220: tasks 392-393: Terminated
srun: error: nid001426: tasks 16-17: Terminated
srun: error: nid003253: tasks 592-593: Terminated
srun: error: nid001656: tasks 58-59: Terminated
srun: error: nid001872: tasks 216-217: Terminated
srun: error: nid004816: tasks 792-793: Terminated
srun: error: nid001913: tasks 258-259: Terminated
srun: error: nid002259: tasks 416-417: Terminated
srun: error: nid006294: tasks 992-993: Terminated
srun: error: nid002351: tasks 458-459: Terminated
srun: error: nid003540: tasks 658-659: Terminated
srun: error: nid001670: tasks 82-83: Terminated
srun: error: nid005218: tasks 858-859: Terminated
srun: error: nid001926: tasks 282-283: Terminated
srun: error: nid002389: tasks 482-483: Terminated
srun: error: nid004479: tasks 682-683: Terminated
srun: error: nid001704: tasks 106-107: Terminated
srun: error: nid004754: tasks 724-725: Terminated
srun: error: nid001761: tasks 148-149: Terminated
srun: error: nid005503: tasks 882-883: Terminated
srun: error: nid006179: tasks 924-925: Terminated
srun: error: nid001962: tasks 348-349: Terminated
srun: error: nid001822: tasks 172-173: Terminated
srun: error: nid004773: tasks 748-749: Terminated
srun: error: nid001871: tasks 214-215: Terminated
srun: error: nid002008: tasks 372-373: Terminated
srun: error: nid006256: tasks 948-949: Terminated
srun: error: nid002256: tasks 414-415: Terminated
srun: error: nid003242: tasks 572-573: Terminated
srun: error: nid001497: tasks 38-39: Terminated
srun: error: nid003269: tasks 614-615: Terminated
srun: error: nid004789: tasks 772-773: Terminated
srun: error: nid001902: tasks 238-239: Terminated
srun: error: nid005104: tasks 814-815: Terminated
srun: error: nid002631: tasks 548-549: Terminated
srun: error: nid002310: tasks 438-439: Terminated
srun: error: nid006340: tasks 1014-1015: Terminated
srun: error: nid003495: tasks 638-639: Terminated
srun: error: nid001658: tasks 62-63: Terminated
srun: error: nid001691: tasks 104-105: Terminated
srun: error: nid005165: tasks 838-839: Terminated
srun: error: nid001915: tasks 262-263: Terminated
srun: error: nid001937: tasks 304-305: Terminated
srun: error: nid002593: tasks 504-505: Terminated
srun: error: nid001744: tasks 128-129: Terminated
srun: error: nid004736: tasks 704-705: Terminated
srun: error: nid001950: tasks 328-329: Terminated
srun: error: nid006137: tasks 904-905: Terminated
srun: error: nid002621: tasks 528-529: Terminated
srun: error: nid003241: tasks 570-571: Terminated
srun: error: nid004757: tasks 728-729: Terminated
srun: error: nid004788: tasks 770-771: Terminated
srun: error: nid001855: tasks 194-195: Terminated
srun: error: nid006188: tasks 928-929: Terminated
srun: error: nid006277: tasks 970-971: Terminated
srun: error: nid002227: tasks 394-395: Terminated
srun: error: nid001429: tasks 18-19: Terminated
srun: error: nid003255: tasks 594-595: Terminated
srun: error: nid001876: tasks 218-219: Terminated
srun: error: nid004821: tasks 794-795: Terminated
srun: error: nid001914: tasks 260-261: Terminated
srun: error: nid002260: tasks 418-419: Terminated
srun: error: nid006297: tasks 994-995: Terminated
srun: error: nid002352: tasks 460-461: Terminated
srun: error: nid003299: tasks 618-619: Terminated
srun: error: nid003541: tasks 660-661: Terminated
srun: error: nid001671: tasks 84-85: Terminated
srun: error: nid001927: tasks 284-285: Terminated
srun: error: nid005480: tasks 860-861: Terminated
srun: error: nid002400: tasks 484-485: Terminated
srun: error: nid001710: tasks 108-109: Terminated
srun: error: nid004480: tasks 684-685: Terminated
srun: error: nid001762: tasks 150-151: Terminated
srun: error: nid001939: tasks 308-309: Terminated
srun: error: nid005507: tasks 884-885: Terminated
srun: error: nid001963: tasks 350-351: Terminated
srun: error: nid006186: tasks 926-927: Terminated
srun: error: nid002632: tasks 550-551: Terminated
srun: error: nid001823: tasks 174-175: Terminated
srun: error: nid004775: tasks 750-751: Terminated
srun: error: nid006257: tasks 950-951: Terminated
srun: error: nid002009: tasks 374-375: Terminated
srun: error: nid003243: tasks 574-575: Terminated
srun: error: nid001498: tasks 40-41: Terminated
srun: error: nid003294: tasks 616-617: Terminated
srun: error: nid004790: tasks 774-775: Terminated
srun: error: nid001903: tasks 240-241: Terminated
srun: error: nid005128: tasks 816-817: Terminated
srun: error: nid006280: tasks 974-975: Terminated
srun: error: nid006341: tasks 1016-1017: Terminated
srun: error: nid002311: tasks 440-441: Terminated
srun: error: nid001659: tasks 64-65: Terminated
srun: error: nid003496: tasks 640-641: Terminated
srun: error: nid001917: tasks 264-265: Terminated
srun: error: nid005180: tasks 840-841: Terminated
srun: error: nid001938: tasks 306-307: Terminated
srun: error: nid002356: tasks 464-465: Terminated
srun: error: nid002595: tasks 506-507: Terminated
srun: error: nid003549: tasks 664-665: Terminated
srun: error: nid001747: tasks 130-131: Terminated
srun: error: nid004737: tasks 706-707: Terminated
srun: error: nid001951: tasks 330-331: Terminated
srun: error: nid006138: tasks 906-907: Terminated
srun: error: nid002622: tasks 530-531: Terminated
srun: error: nid001765: tasks 154-155: Terminated
srun: error: nid004758: tasks 730-731: Terminated
srun: error: nid001856: tasks 196-197: Terminated
srun: error: nid006189: tasks 930-931: Terminated
srun: error: nid001991: tasks 354-355: Terminated
srun: error: nid006279: tasks 972-973: Terminated
srun: error: nid002238: tasks 396-397: Terminated
srun: error: nid001463: tasks 20-21: Terminated
srun: error: nid003256: tasks 596-597: Terminated
srun: error: nid001885: tasks 220-221: Terminated
srun: error: nid004824: tasks 796-797: Terminated
srun: error: nid002261: tasks 420-421: Terminated
srun: error: nid006299: tasks 996-997: Terminated
srun: error: nid002353: tasks 462-463: Terminated
srun: error: nid003441: tasks 620-621: Terminated
srun: error: nid003542: tasks 662-663: Terminated
srun: error: nid005130: tasks 820-821: Terminated
srun: error: nid001672: tasks 86-87: Terminated
srun: error: nid005481: tasks 862-863: Terminated
srun: error: nid006346: tasks 1020-1021: Terminated
srun: error: nid001928: tasks 286-287: Terminated
srun: error: nid002402: tasks 486-487: Terminated
srun: error: nid001711: tasks 110-111: Terminated
srun: error: nid004481: tasks 686-687: Terminated
srun: error: nid001763: tasks 152-153: Terminated
srun: error: nid001940: tasks 310-311: Terminated
srun: error: nid005511: tasks 886-887: Terminated
srun: error: nid001964: tasks 352-353: Terminated
srun: error: nid002606: tasks 510-511: Terminated
srun: error: nid002635: tasks 552-553: Terminated
srun: error: nid004740: tasks 710-711: Terminated
srun: error: nid004776: tasks 752-753: Terminated
srun: error: nid001826: tasks 176-177: Terminated
srun: error: nid006258: tasks 952-953: Terminated
srun: error: nid002011: tasks 376-377: Terminated
srun: error: nid003244: tasks 576-577: Terminated
srun: error: nid001386: tasks 0-1: Terminated
srun: error: nid001504: tasks 42-43: Terminated
srun: error: nid001858: tasks 200-201: Terminated
srun: error: nid004794: tasks 776-777: Terminated
srun: error: nid005129: tasks 818-819: Terminated
srun: error: nid001904: tasks 242-243: Terminated
srun: error: nid006281: tasks 976-977: Terminated
srun: error: nid002312: tasks 442-443: Terminated
srun: error: nid006344: tasks 1018-1019: Terminated
srun: error: nid003497: tasks 642-643: Terminated
srun: error: nid001660: tasks 66-67: Terminated
srun: error: nid001918: tasks 266-267: Terminated
srun: error: nid005182: tasks 842-843: Terminated
srun: error: nid002357: tasks 466-467: Terminated
srun: error: nid002603: tasks 508-509: Terminated
srun: error: nid003550: tasks 666-667: Terminated
srun: error: nid001751: tasks 132-133: Terminated
srun: error: nid004739: tasks 708-709: Terminated
srun: error: nid005484: tasks 866-867: Terminated
srun: error: nid001952: tasks 332-333: Terminated
srun: error: nid006139: tasks 908-909: Terminated
srun: error: nid002623: tasks 532-533: Terminated
srun: error: nid001767: tasks 156-157: Terminated
srun: error: nid004761: tasks 732-733: Terminated
srun: error: nid001857: tasks 198-199: Terminated
srun: error: nid001994: tasks 356-357: Terminated
srun: error: nid006212: tasks 932-933: Terminated
srun: error: nid002241: tasks 398-399: Terminated
srun: error: nid002650: tasks 556-557: Terminated
srun: error: nid001468: tasks 22-23: Terminated
srun: error: nid003257: tasks 598-599: Terminated
srun: error: nid001888: tasks 222-223: Terminated
srun: error: nid004827: tasks 798-799: Terminated
srun: error: nid002262: tasks 422-423: Terminated
srun: error: nid006311: tasks 998-999: Terminated
srun: error: nid003476: tasks 622-623: Terminated
srun: error: nid001509: tasks 46-47: Terminated
srun: error: nid001673: tasks 88-89: Terminated
srun: error: nid005131: tasks 822-823: Terminated
srun: error: nid001906: tasks 246-247: Terminated
srun: error: nid001929: tasks 288-289: Terminated
srun: error: nid006350: tasks 1022-1023: Terminated
srun: error: nid002403: tasks 488-489: Terminated
srun: error: nid004482: tasks 688-689: Terminated
srun: error: nid001713: tasks 112-113: Terminated
srun: error: nid005519: tasks 888-889: Terminated
srun: error: nid001942: tasks 312-313: Terminated
srun: error: nid002607: tasks 512-513: Terminated
srun: error: nid002649: tasks 554-555: Terminated
srun: error: nid005482: tasks 864-865: Terminated
srun: error: nid004743: tasks 712-713: Terminated
srun: error: nid004777: tasks 754-755: Terminated
srun: error: nid001832: tasks 178-179: Terminated
srun: error: nid006151: tasks 912-913: Terminated
srun: error: nid006259: tasks 954-955: Terminated
srun: error: nid002197: tasks 378-379: Terminated
srun: error: nid001387: tasks 2-3: Terminated
srun: error: nid003245: tasks 578-579: Terminated
srun: error: nid001505: tasks 44-45: Terminated
srun: error: nid001864: tasks 202-203: Terminated
srun: error: nid004795: tasks 778-779: Terminated
srun: error: nid001905: tasks 244-245: Terminated
srun: error: nid006285: tasks 978-979: Terminated
srun: error: nid002247: tasks 402-403: Terminated
srun: error: nid002313: tasks 444-445: Terminated
srun: error: nid003259: tasks 602-603: Terminated
srun: error: nid003498: tasks 644-645: Terminated
srun: error: nid001661: tasks 68-69: Terminated
srun: error: nid005185: tasks 844-845: Terminated
srun: error: nid001919: tasks 268-269: Terminated
srun: error: nid002358: tasks 468-469: Terminated
srun: error: nid003551: tasks 668-669: Terminated
srun: error: nid001675: tasks 92-93: Terminated
srun: error: nid001752: tasks 134-135: Terminated
srun: error: nid005486: tasks 868-869: Terminated
srun: error: nid001931: tasks 292-293: Terminated
srun: error: nid001953: tasks 334-335: Terminated
srun: error: nid006149: tasks 910-911: Terminated
srun: Force Terminated StepId=11079233.3
